Using pre-set license
Built from '2022.3/release' branch; Version is '2022.3.20f1 (61c2feb0970d) revision 6406910'; Using compiler version '192829333'; Build Type 'Release'
OS: 'Windows 11  (10.0.22631) 64bit CoreSingleLanguage' Language: 'en' Physical Memory: 7975 MB
BatchMode: 1, IsHumanControllingUs: 0, StartBugReporterOnCrash: 0, Is64bit: 1, IsPro: 1

COMMAND LINE ARGUMENTS:
C:\Program Files\Unity\Hub\Editor\2022.3.20f1\Editor\Unity.exe
-adb2
-batchMode
-noUpm
-name
AssetImportWorker0
-projectPath
D:/GDD_Architecture/GDD_Architecture
-logFile
Logs/AssetImportWorker0.log
-srvPort
53267
Successfully changed project path to: D:/GDD_Architecture/GDD_Architecture
D:/GDD_Architecture/GDD_Architecture
[UnityMemory] Configuration Parameters - Can be set up in boot.config
    "memorysetup-bucket-allocator-granularity=16"
    "memorysetup-bucket-allocator-bucket-count=8"
    "memorysetup-bucket-allocator-block-size=33554432"
    "memorysetup-bucket-allocator-block-count=8"
    "memorysetup-main-allocator-block-size=16777216"
    "memorysetup-thread-allocator-block-size=16777216"
    "memorysetup-gfx-main-allocator-block-size=16777216"
    "memorysetup-gfx-thread-allocator-block-size=16777216"
    "memorysetup-cache-allocator-block-size=4194304"
    "memorysetup-typetree-allocator-block-size=2097152"
    "memorysetup-profiler-bucket-allocator-granularity=16"
    "memorysetup-profiler-bucket-allocator-bucket-count=8"
    "memorysetup-profiler-bucket-allocator-block-size=33554432"
    "memorysetup-profiler-bucket-allocator-block-count=8"
    "memorysetup-profiler-allocator-block-size=16777216"
    "memorysetup-profiler-editor-allocator-block-size=1048576"
    "memorysetup-temp-allocator-size-main=16777216"
    "memorysetup-job-temp-allocator-block-size=2097152"
    "memorysetup-job-temp-allocator-block-size-background=1048576"
    "memorysetup-job-temp-allocator-reduction-small-platforms=262144"
    "memorysetup-allocator-temp-initial-block-size-main=262144"
    "memorysetup-allocator-temp-initial-block-size-worker=262144"
    "memorysetup-temp-allocator-size-background-worker=32768"
    "memorysetup-temp-allocator-size-job-worker=262144"
    "memorysetup-temp-allocator-size-preload-manager=33554432"
    "memorysetup-temp-allocator-size-nav-mesh-worker=65536"
    "memorysetup-temp-allocator-size-audio-worker=65536"
    "memorysetup-temp-allocator-size-cloud-worker=32768"
    "memorysetup-temp-allocator-size-gi-baking-worker=262144"
    "memorysetup-temp-allocator-size-gfx=262144"
Player connection [10884] Host "[IP] 172.24.32.1 [Port] 0 [Flags] 2 [Guid] 3104979998 [EditorId] 3104979998 [Version] 1048832 [Id] WindowsEditor(7,DESKTOP-8Q67BRQ) [Debug] 1 [PackageName] WindowsEditor [ProjectName] Editor" joined multi-casting on [225.0.0.222:54997]...

Player connection [10884] Host "[IP] 172.24.32.1 [Port] 0 [Flags] 2 [Guid] 3104979998 [EditorId] 3104979998 [Version] 1048832 [Id] WindowsEditor(7,DESKTOP-8Q67BRQ) [Debug] 1 [PackageName] WindowsEditor [ProjectName] Editor" joined alternative multi-casting on [225.0.0.222:34997]...

[Physics::Module] Initialized MultithreadedJobDispatcher with 7 workers.
Refreshing native plugins compatible for Editor in 6.11 ms, found 1 plugins.
Preloading 0 native plugins for Editor in 0.00 ms.
Initialize engine version: 2022.3.20f1 (61c2feb0970d)
[Subsystems] Discovering subsystems at path C:/Program Files/Unity/Hub/Editor/2022.3.20f1/Editor/Data/Resources/UnitySubsystems
[Subsystems] Discovering subsystems at path D:/GDD_Architecture/GDD_Architecture/Assets
GfxDevice: creating device client; threaded=0; jobified=0
Direct3D:
    Version:  Direct3D 11.0 [level 11.1]
    Renderer: NVIDIA GeForce GTX 1650 (ID=0x1f9d)
    Vendor:   NVIDIA
    VRAM:     3938 MB
    Driver:   31.0.15.5161
Initialize mono
Mono path[0] = 'C:/Program Files/Unity/Hub/Editor/2022.3.20f1/Editor/Data/Managed'
Mono path[1] = 'C:/Program Files/Unity/Hub/Editor/2022.3.20f1/Editor/Data/MonoBleedingEdge/lib/mono/unityjit-win32'
Mono config path = 'C:/Program Files/Unity/Hub/Editor/2022.3.20f1/Editor/Data/MonoBleedingEdge/etc'
Using monoOptions --debugger-agent=transport=dt_socket,embedding=1,server=y,suspend=n,address=127.0.0.1:56316
Begin MonoManager ReloadAssembly
Registering precompiled unity dll's ...
Register platform support module: C:/Program Files/Unity/Hub/Editor/2022.3.20f1/Editor/Data/PlaybackEngines/WebGLSupport/UnityEditor.WebGL.Extensions.dll
Register platform support module: C:/Program Files/Unity/Hub/Editor/2022.3.20f1/Editor/Data/PlaybackEngines/WindowsStandaloneSupport/UnityEditor.WindowsStandalone.Extensions.dll
Registered in 0.010913 seconds.
- Loaded All Assemblies, in  0.421 seconds
Native extension for WindowsStandalone target not found
Native extension for WebGL target not found
Mono: successfully reloaded assembly
- Finished resetting the current domain, in  0.257 seconds
Domain Reload Profiling: 677ms
	BeginReloadAssembly (151ms)
		ExecutionOrderSort (0ms)
		DisableScriptedObjects (0ms)
		BackupInstance (0ms)
		ReleaseScriptingObjects (0ms)
		CreateAndSetChildDomain (1ms)
	RebuildCommonClasses (35ms)
	RebuildNativeTypeToScriptingClass (12ms)
	initialDomainReloadingComplete (69ms)
	LoadAllAssembliesAndSetupDomain (152ms)
		LoadAssemblies (148ms)
		RebuildTransferFunctionScriptingTraits (0ms)
		AnalyzeDomain (150ms)
			TypeCache.Refresh (149ms)
				TypeCache.ScanAssembly (131ms)
			ScanForSourceGeneratedMonoScriptInfo (0ms)
			ResolveRequiredComponents (1ms)
	FinalizeReload (257ms)
		ReleaseScriptCaches (0ms)
		RebuildScriptCaches (0ms)
		SetupLoadedEditorAssemblies (199ms)
			LogAssemblyErrors (0ms)
			InitializePlatformSupportModulesInManaged (8ms)
			SetLoadedEditorAssemblies (6ms)
			RefreshPlugins (0ms)
			BeforeProcessingInitializeOnLoad (2ms)
			ProcessInitializeOnLoadAttributes (136ms)
			ProcessInitializeOnLoadMethodAttributes (45ms)
			AfterProcessingInitializeOnLoad (0ms)
			EditorAssembliesLoaded (0ms)
		ExecutionOrderSort2 (0ms)
		AwakeInstancesAfterBackupRestoration (0ms)
========================================================================
Worker process is ready to serve import requests
Begin MonoManager ReloadAssembly
- Loaded All Assemblies, in  0.831 seconds
Refreshing native plugins compatible for Editor in 4.25 ms, found 1 plugins.
Native extension for WindowsStandalone target not found
Native extension for WebGL target not found
Mono: successfully reloaded assembly
- Finished resetting the current domain, in  0.744 seconds
Domain Reload Profiling: 1574ms
	BeginReloadAssembly (194ms)
		ExecutionOrderSort (0ms)
		DisableScriptedObjects (6ms)
		BackupInstance (0ms)
		ReleaseScriptingObjects (0ms)
		CreateAndSetChildDomain (25ms)
	RebuildCommonClasses (32ms)
	RebuildNativeTypeToScriptingClass (9ms)
	initialDomainReloadingComplete (44ms)
	LoadAllAssembliesAndSetupDomain (551ms)
		LoadAssemblies (442ms)
		RebuildTransferFunctionScriptingTraits (0ms)
		AnalyzeDomain (239ms)
			TypeCache.Refresh (197ms)
				TypeCache.ScanAssembly (177ms)
			ScanForSourceGeneratedMonoScriptInfo (29ms)
			ResolveRequiredComponents (12ms)
	FinalizeReload (745ms)
		ReleaseScriptCaches (0ms)
		RebuildScriptCaches (0ms)
		SetupLoadedEditorAssemblies (557ms)
			LogAssemblyErrors (0ms)
			InitializePlatformSupportModulesInManaged (10ms)
			SetLoadedEditorAssemblies (3ms)
			RefreshPlugins (0ms)
			BeforeProcessingInitializeOnLoad (84ms)
			ProcessInitializeOnLoadAttributes (382ms)
			ProcessInitializeOnLoadMethodAttributes (71ms)
			AfterProcessingInitializeOnLoad (7ms)
			EditorAssembliesLoaded (0ms)
		ExecutionOrderSort2 (0ms)
		AwakeInstancesAfterBackupRestoration (8ms)
Launched and connected shader compiler UnityShaderCompiler.exe after 0.06 seconds
Refreshing native plugins compatible for Editor in 3.04 ms, found 1 plugins.
Preloading 0 native plugins for Editor in 0.00 ms.
Unloading 5242 Unused Serialized files (Serialized files now loaded: 0)
Unloading 80 unused Assets / (0.8 MB). Loaded Objects now: 5733.
Memory consumption went from 208.9 MB to 208.1 MB.
Total: 8.999300 ms (FindLiveObjects: 0.936100 ms CreateObjectMapping: 0.810100 ms MarkObjects: 6.390800 ms  DeleteObjects: 0.860100 ms)

AssetImportParameters requested are different than current active one (requested -> active):
  custom:container-demuxer-ogg: 62fdf1f143b41e24485cea50d1cbac27 -> 
  custom:video-codec-MediaFoundation-h265: 746d11721c4dcdbdad8f713fa42b33f4 -> 
  custom:video-decoder-ogg-theora: a1e56fd34408186e4bbccfd4996cb3dc -> 
  custom:framework-win-MediaFoundation: 216162199b28c13a410421893ffa2e32 -> 
  custom:CustomObjectIndexerAttribute: 62b5816608c3102f162a1797e29626cf -> 
  custom:container-demuxer-webm: 4f35f7cbe854078d1ac9338744f61a02 -> 
  custom:container-muxer-webm: aa71ff27fc2769a1b78a27578f13a17b -> 
  custom:video-decoder-webm-vp8: 9c59270c3fd7afecdb556c50c9e8de78 -> 
  custom:SearchIndexIgnoredProperties: e643bd26f0fe6173181afceb89e7c659 -> 
  custom:AudioImporter_EditorPlatform: d09bf68614088b80899f8185d706f6e7 -> 
  custom:video-encoder-webm-vp8: eb34c28f22e8b96e1ab97ce403110664 -> 
  custom:audio-decoder-ogg-vorbis: bf7c407c2cedff20999df2af8eb42d56 -> 
  custom:audio-encoder-webm-vorbis: bf7c407c2cedff20999df2af8eb42d56 -> 
========================================================================
Received Import Request.
  Time since last request: 443027.908824 seconds.
  path: Assets/New Terrain.asset
  artifactKey: Guid(08bc14b86e0ecf04abd5ac542c75c135) Importer(815301076,1909f56bfc062723c751e8b465ee728b)
Start importing Assets/New Terrain.asset using Guid(08bc14b86e0ecf04abd5ac542c75c135) Importer(815301076,1909f56bfc062723c751e8b465ee728b)  -> (artifact id: '4322ebe2c01a683f48d58e04cc872728') in 0.142427 seconds
Number of updated asset objects reloaded before import = 0
Number of asset objects unloaded after import = 3
========================================================================
Received Import Request.
  Time since last request: 2.700840 seconds.
  path: Assets/Adventure_Character/Prefabs
  artifactKey: Guid(a4767ed5cb0999f44999893699fafe99) Importer(815301076,1909f56bfc062723c751e8b465ee728b)
Start importing Assets/Adventure_Character/Prefabs using Guid(a4767ed5cb0999f44999893699fafe99) Importer(815301076,1909f56bfc062723c751e8b465ee728b)  -> (artifact id: 'd349e0a999cba63a780ef61097e55e4c') in 0.001022 seconds
Number of updated asset objects reloaded before import = 0
Number of asset objects unloaded after import = 0
========================================================================
Received Import Request.
  Time since last request: 518.959119 seconds.
  path: Assets/Toby Fredson/Rocky Hills Environment - Light Pack/Prefabs/Prefabs Mobile/RHEF_GenericCliffA_Mobile.prefab
  artifactKey: Guid(c38badcdd764dfb488882e68d04ff995) Importer(815301076,1909f56bfc062723c751e8b465ee728b)
Start importing Assets/Toby Fredson/Rocky Hills Environment - Light Pack/Prefabs/Prefabs Mobile/RHEF_GenericCliffA_Mobile.prefab using Guid(c38badcdd764dfb488882e68d04ff995) Importer(815301076,1909f56bfc062723c751e8b465ee728b)  -> (artifact id: '451834de3258c9111c17c5cac932fc44') in 0.161404 seconds
Number of updated asset objects reloaded before import = 0
Number of asset objects unloaded after import = 11
========================================================================
Received Import Request.
  Time since last request: 0.000035 seconds.
  path: Assets/Toby Fredson/Rocky Hills Environment - Light Pack/Prefabs/Prefabs Mobile/RHEF_RockMediumB_Mobile.prefab
  artifactKey: Guid(e2f030509428b1d4ba687efa90da19fc) Importer(815301076,1909f56bfc062723c751e8b465ee728b)
Start importing Assets/Toby Fredson/Rocky Hills Environment - Light Pack/Prefabs/Prefabs Mobile/RHEF_RockMediumB_Mobile.prefab using Guid(e2f030509428b1d4ba687efa90da19fc) Importer(815301076,1909f56bfc062723c751e8b465ee728b)  -> (artifact id: '20da843552b62b8a51c5b5e170235219') in 0.043218 seconds
Number of updated asset objects reloaded before import = 0
Number of asset objects unloaded after import = 11
========================================================================
Received Import Request.
  Time since last request: 0.000026 seconds.
  path: Assets/Toby Fredson/Rocky Hills Environment - Light Pack/Prefabs/Prefabs Mobile/RHEF_LowRockMedium_Mobile.prefab
  artifactKey: Guid(c62c2aa8570885845900b3d909da3034) Importer(815301076,1909f56bfc062723c751e8b465ee728b)
Start importing Assets/Toby Fredson/Rocky Hills Environment - Light Pack/Prefabs/Prefabs Mobile/RHEF_LowRockMedium_Mobile.prefab using Guid(c62c2aa8570885845900b3d909da3034) Importer(815301076,1909f56bfc062723c751e8b465ee728b)  -> (artifact id: '1eaf45ad535510491238758b99c30239') in 0.036430 seconds
Number of updated asset objects reloaded before import = 0
Number of asset objects unloaded after import = 11
========================================================================
Received Import Request.
  Time since last request: 98.178613 seconds.
  path: Assets/F04/Textures/car_destroyed.psd
  artifactKey: Guid(0199746ade779294294c09bf1d8e9ec4) Importer(815301076,1909f56bfc062723c751e8b465ee728b)
Start importing Assets/F04/Textures/car_destroyed.psd using Guid(0199746ade779294294c09bf1d8e9ec4) Importer(815301076,1909f56bfc062723c751e8b465ee728b)  -> (artifact id: '8ced9cace867f0a6b33eb49d09fb2618') in 0.036403 seconds
Number of updated asset objects reloaded before import = 0
Number of asset objects unloaded after import = 2
========================================================================
Received Import Request.
  Time since last request: 0.000035 seconds.
  path: Assets/F04/Textures/car_normal.psd
  artifactKey: Guid(7f6c31a5e3cee764cab6a3523e3f69be) Importer(815301076,1909f56bfc062723c751e8b465ee728b)
Start importing Assets/F04/Textures/car_normal.psd using Guid(7f6c31a5e3cee764cab6a3523e3f69be) Importer(815301076,1909f56bfc062723c751e8b465ee728b)  -> (artifact id: 'b93e7fafd07632b244dcf6ae5baee5da') in 0.034577 seconds
Number of updated asset objects reloaded before import = 0
Number of asset objects unloaded after import = 2
========================================================================
Received Import Request.
  Time since last request: 0.329196 seconds.
  path: Assets/Toby Fredson/Rocky Hills Environment - Light Pack/Legacy Project/MRL_Generic Cliff 4/Generic Cliff 4_D.png
  artifactKey: Guid(01889836ac61c644abc30e486daee1e2) Importer(815301076,1909f56bfc062723c751e8b465ee728b)
Start importing Assets/Toby Fredson/Rocky Hills Environment - Light Pack/Legacy Project/MRL_Generic Cliff 4/Generic Cliff 4_D.png using Guid(01889836ac61c644abc30e486daee1e2) Importer(815301076,1909f56bfc062723c751e8b465ee728b)  -> (artifact id: '158478143ad06551816e89ba52a19e12') in 0.023799 seconds
Number of updated asset objects reloaded before import = 0
Number of asset objects unloaded after import = 2
========================================================================
Received Import Request.
  Time since last request: 0.858271 seconds.
  path: Assets/StarterAssets/Environment/Art/Textures/Grid_01_BaseMap.png
  artifactKey: Guid(d1118dda59970a2449ee890fa247c4c5) Importer(815301076,1909f56bfc062723c751e8b465ee728b)
Start importing Assets/StarterAssets/Environment/Art/Textures/Grid_01_BaseMap.png using Guid(d1118dda59970a2449ee890fa247c4c5) Importer(815301076,1909f56bfc062723c751e8b465ee728b)  -> (artifact id: 'c172e207866b7a056e4767d0cdf7b110') in 0.018380 seconds
Number of updated asset objects reloaded before import = 0
Number of asset objects unloaded after import = 2
========================================================================
Received Import Request.
  Time since last request: 0.140729 seconds.
  path: Assets/StarterAssets/Environment/Art/Textures/Grid_01_Emissive.png
  artifactKey: Guid(d4d6919451fe3e24388816386a6d15a4) Importer(815301076,1909f56bfc062723c751e8b465ee728b)
Start importing Assets/StarterAssets/Environment/Art/Textures/Grid_01_Emissive.png using Guid(d4d6919451fe3e24388816386a6d15a4) Importer(815301076,1909f56bfc062723c751e8b465ee728b)  -> (artifact id: '2448e590322ff395dae6df909412eae3') in 0.021617 seconds
Number of updated asset objects reloaded before import = 0
Number of asset objects unloaded after import = 2
========================================================================
Received Import Request.
  Time since last request: 0.000199 seconds.
  path: Assets/StarterAssets/Environment/Art/Textures/Grid_02_BaseMap.png
  artifactKey: Guid(d9c0dd5cdac07b145be73329e489869a) Importer(815301076,1909f56bfc062723c751e8b465ee728b)
Start importing Assets/StarterAssets/Environment/Art/Textures/Grid_02_BaseMap.png using Guid(d9c0dd5cdac07b145be73329e489869a) Importer(815301076,1909f56bfc062723c751e8b465ee728b)  -> (artifact id: '46f71eb095f8c0cf83e61d3c88a5adf2') in 0.017250 seconds
Number of updated asset objects reloaded before import = 0
Number of asset objects unloaded after import = 2
========================================================================
Received Import Request.
  Time since last request: 5.199937 seconds.
  path: Assets/Toby Fredson/Rocky Hills Environment - Light Pack/Prefabs/Prefabs Mobile/NewBrush.brush
  artifactKey: Guid(48b456b769bf1b94d869b4989aacb282) Importer(815301076,1909f56bfc062723c751e8b465ee728b)
Start importing Assets/Toby Fredson/Rocky Hills Environment - Light Pack/Prefabs/Prefabs Mobile/NewBrush.brush using Guid(48b456b769bf1b94d869b4989aacb282) Importer(815301076,1909f56bfc062723c751e8b465ee728b)  -> (artifact id: '5558dc447d852f4f56f67cb7bd818b69') in 0.026442 seconds
Number of updated asset objects reloaded before import = 0
Number of asset objects unloaded after import = 2
========================================================================
Received Import Request.
  Time since last request: 281.376157 seconds.
  path: Assets/_TerrainAutoUpgrade/layer_Grass01_BigUVd261c09ae55ba1e3.terrainlayer
  artifactKey: Guid(fe87d1bba26e69b4db1221cb92e1400b) Importer(815301076,1909f56bfc062723c751e8b465ee728b)
Start importing Assets/_TerrainAutoUpgrade/layer_Grass01_BigUVd261c09ae55ba1e3.terrainlayer using Guid(fe87d1bba26e69b4db1221cb92e1400b) Importer(815301076,1909f56bfc062723c751e8b465ee728b)  -> (artifact id: '24c15b101ec4cd201b1bff8727ebfa55') in 0.134205 seconds
Number of updated asset objects reloaded before import = 0
Number of asset objects unloaded after import = 2
========================================================================
Received Import Request.
  Time since last request: 0.000029 seconds.
  path: Assets/_TerrainAutoUpgrade/layer_MRLFGenericRockGrass_DiffuseMRLFGenericRockGrass_Normal312cdf1c675cb011.terrainlayer
  artifactKey: Guid(e405021227bbda84a8205eb7eb59ac8f) Importer(815301076,1909f56bfc062723c751e8b465ee728b)
Start importing Assets/_TerrainAutoUpgrade/layer_MRLFGenericRockGrass_DiffuseMRLFGenericRockGrass_Normal312cdf1c675cb011.terrainlayer using Guid(e405021227bbda84a8205eb7eb59ac8f) Importer(815301076,1909f56bfc062723c751e8b465ee728b)  -> (artifact id: 'f6712a8d7b0309c2e4c404a84036421e') in 0.119795 seconds
Number of updated asset objects reloaded before import = 0
Number of asset objects unloaded after import = 4
========================================================================
Received Import Request.
  Time since last request: 0.000047 seconds.
  path: Assets/_TerrainAutoUpgrade/layer_MRLFGenericRockGrass_DiffuseMRLFGenericRockGrass_Normal3d3aba195e4d26ee.terrainlayer
  artifactKey: Guid(27e7b5edb668d4049bb2b279fed2271f) Importer(815301076,1909f56bfc062723c751e8b465ee728b)
Start importing Assets/_TerrainAutoUpgrade/layer_MRLFGenericRockGrass_DiffuseMRLFGenericRockGrass_Normal3d3aba195e4d26ee.terrainlayer using Guid(27e7b5edb668d4049bb2b279fed2271f) Importer(815301076,1909f56bfc062723c751e8b465ee728b)  -> (artifact id: 'c030ba8c1890e7563694ae6668e3765f') in 0.116519 seconds
Number of updated asset objects reloaded before import = 0
Number of asset objects unloaded after import = 4
========================================================================
Received Import Request.
  Time since last request: 6.119993 seconds.
  path: Assets/AdventureForge/PreFab
  artifactKey: Guid(c4c09c511caac8643a4a55a0922e08b6) Importer(815301076,1909f56bfc062723c751e8b465ee728b)
Start importing Assets/AdventureForge/PreFab using Guid(c4c09c511caac8643a4a55a0922e08b6) Importer(815301076,1909f56bfc062723c751e8b465ee728b)  -> (artifact id: '11b042a6459e327d3fddde5a04578697') in 0.000755 seconds
Number of updated asset objects reloaded before import = 0
Number of asset objects unloaded after import = 0
========================================================================
Received Import Request.
  Time since last request: 1.018767 seconds.
  path: Assets/AdventureForge/PreFab/Mushroom
  artifactKey: Guid(92b765bb0c7c12243b4f8319d7a7c6d5) Importer(815301076,1909f56bfc062723c751e8b465ee728b)
Start importing Assets/AdventureForge/PreFab/Mushroom using Guid(92b765bb0c7c12243b4f8319d7a7c6d5) Importer(815301076,1909f56bfc062723c751e8b465ee728b)  -> (artifact id: 'ae9b771dc8edbe5f2ab79f3f7b3b13ff') in 0.000660 seconds
Number of updated asset objects reloaded before import = 0
Number of asset objects unloaded after import = 0
========================================================================
Received Import Request.
  Time since last request: 17.878684 seconds.
  path: Assets/AdventureForge/PreFab/Mushroom/CapBell_StalkBolbous
  artifactKey: Guid(aab612d14aaaf3e4a972dac91cf4b0f9) Importer(815301076,1909f56bfc062723c751e8b465ee728b)
Start importing Assets/AdventureForge/PreFab/Mushroom/CapBell_StalkBolbous using Guid(aab612d14aaaf3e4a972dac91cf4b0f9) Importer(815301076,1909f56bfc062723c751e8b465ee728b)  -> (artifact id: 'a2dffdb27ec7b6358cd55822069b42f4') in 0.000554 seconds
Number of updated asset objects reloaded before import = 0
Number of asset objects unloaded after import = 0
========================================================================
Received Import Request.
  Time since last request: 1.071805 seconds.
  path: Assets/AdventureForge/PreFab/Mushroom/CapBell_StalkBolbous/CapBell_StalkBolbous_01
  artifactKey: Guid(b3612ee9559cbc64995b3a534316ba45) Importer(815301076,1909f56bfc062723c751e8b465ee728b)
Start importing Assets/AdventureForge/PreFab/Mushroom/CapBell_StalkBolbous/CapBell_StalkBolbous_01 using Guid(b3612ee9559cbc64995b3a534316ba45) Importer(815301076,1909f56bfc062723c751e8b465ee728b)  -> (artifact id: '5e61c09f341b58da566bcb5f900df9ed') in 0.000525 seconds
Number of updated asset objects reloaded before import = 0
Number of asset objects unloaded after import = 0
========================================================================
Received Import Request.
  Time since last request: 0.143554 seconds.
  path: Assets/AdventureForge/PreFab/Mushroom/CapBell_StalkBolbous/CapBell_StalkBolbous_01/CapBellShaped_StalkBolbous_LOD0_Type01.prefab
  artifactKey: Guid(f37617cacbbdd7044a7ead5889c835b8) Importer(815301076,1909f56bfc062723c751e8b465ee728b)
Start importing Assets/AdventureForge/PreFab/Mushroom/CapBell_StalkBolbous/CapBell_StalkBolbous_01/CapBellShaped_StalkBolbous_LOD0_Type01.prefab using Guid(f37617cacbbdd7044a7ead5889c835b8) Importer(815301076,1909f56bfc062723c751e8b465ee728b)  -> (artifact id: '097db653d8828ab5d8576015c0e00ae7') in 0.204992 seconds
Number of updated asset objects reloaded before import = 0
Number of asset objects unloaded after import = 11
========================================================================
Received Prepare
Begin MonoManager ReloadAssembly
- Loaded All Assemblies, in  1.089 seconds
Refreshing native plugins compatible for Editor in 5.51 ms, found 1 plugins.
Native extension for WindowsStandalone target not found
Native extension for WebGL target not found
Mono: successfully reloaded assembly
- Finished resetting the current domain, in  2.366 seconds
Domain Reload Profiling: 3453ms
	BeginReloadAssembly (379ms)
		ExecutionOrderSort (0ms)
		DisableScriptedObjects (9ms)
		BackupInstance (0ms)
		ReleaseScriptingObjects (0ms)
		CreateAndSetChildDomain (181ms)
	RebuildCommonClasses (36ms)
	RebuildNativeTypeToScriptingClass (14ms)
	initialDomainReloadingComplete (37ms)
	LoadAllAssembliesAndSetupDomain (622ms)
		LoadAssemblies (639ms)
		RebuildTransferFunctionScriptingTraits (0ms)
		AnalyzeDomain (105ms)
			TypeCache.Refresh (46ms)
				TypeCache.ScanAssembly (0ms)
			ScanForSourceGeneratedMonoScriptInfo (0ms)
			ResolveRequiredComponents (57ms)
	FinalizeReload (2366ms)
		ReleaseScriptCaches (0ms)
		RebuildScriptCaches (0ms)
		SetupLoadedEditorAssemblies (431ms)
			LogAssemblyErrors (0ms)
			InitializePlatformSupportModulesInManaged (8ms)
			SetLoadedEditorAssemblies (5ms)
			RefreshPlugins (0ms)
			BeforeProcessingInitializeOnLoad (75ms)
			ProcessInitializeOnLoadAttributes (266ms)
			ProcessInitializeOnLoadMethodAttributes (69ms)
			AfterProcessingInitializeOnLoad (7ms)
			EditorAssembliesLoaded (0ms)
		ExecutionOrderSort2 (0ms)
		AwakeInstancesAfterBackupRestoration (6ms)
Refreshing native plugins compatible for Editor in 1.62 ms, found 1 plugins.
Preloading 0 native plugins for Editor in 0.00 ms.
Unloading 5156 Unused Serialized files (Serialized files now loaded: 0)
Unloading 37 unused Assets / (0.8 MB). Loaded Objects now: 5765.
Memory consumption went from 195.6 MB to 194.8 MB.
Total: 4.780400 ms (FindLiveObjects: 0.437900 ms CreateObjectMapping: 0.221500 ms MarkObjects: 3.587100 ms  DeleteObjects: 0.532000 ms)

Prepare: number of updated asset objects reloaded= 0
AssetImportParameters requested are different than current active one (requested -> active):
  custom:container-demuxer-ogg: 62fdf1f143b41e24485cea50d1cbac27 -> 
  custom:video-codec-MediaFoundation-h265: 746d11721c4dcdbdad8f713fa42b33f4 -> 
  custom:video-decoder-ogg-theora: a1e56fd34408186e4bbccfd4996cb3dc -> 
  custom:framework-win-MediaFoundation: 216162199b28c13a410421893ffa2e32 -> 
  custom:CustomObjectIndexerAttribute: 62b5816608c3102f162a1797e29626cf -> 
  custom:container-demuxer-webm: 4f35f7cbe854078d1ac9338744f61a02 -> 
  custom:container-muxer-webm: aa71ff27fc2769a1b78a27578f13a17b -> 
  custom:video-decoder-webm-vp8: 9c59270c3fd7afecdb556c50c9e8de78 -> 
  custom:SearchIndexIgnoredProperties: e643bd26f0fe6173181afceb89e7c659 -> 
  custom:AudioImporter_EditorPlatform: d09bf68614088b80899f8185d706f6e7 -> 
  custom:video-encoder-webm-vp8: eb34c28f22e8b96e1ab97ce403110664 -> 
  custom:audio-decoder-ogg-vorbis: bf7c407c2cedff20999df2af8eb42d56 -> 
  custom:audio-encoder-webm-vorbis: bf7c407c2cedff20999df2af8eb42d56 -> 
========================================================================
Received Prepare
Begin MonoManager ReloadAssembly
- Loaded All Assemblies, in  0.495 seconds
Refreshing native plugins compatible for Editor in 2.44 ms, found 1 plugins.
Native extension for WindowsStandalone target not found
Native extension for WebGL target not found
Mono: successfully reloaded assembly
- Finished resetting the current domain, in  1.420 seconds
Domain Reload Profiling: 1913ms
	BeginReloadAssembly (175ms)
		ExecutionOrderSort (0ms)
		DisableScriptedObjects (4ms)
		BackupInstance (0ms)
		ReleaseScriptingObjects (0ms)
		CreateAndSetChildDomain (45ms)
	RebuildCommonClasses (37ms)
	RebuildNativeTypeToScriptingClass (11ms)
	initialDomainReloadingComplete (28ms)
	LoadAllAssembliesAndSetupDomain (242ms)
		LoadAssemblies (313ms)
		RebuildTransferFunctionScriptingTraits (0ms)
		AnalyzeDomain (21ms)
			TypeCache.Refresh (7ms)
				TypeCache.ScanAssembly (0ms)
			ScanForSourceGeneratedMonoScriptInfo (0ms)
			ResolveRequiredComponents (13ms)
	FinalizeReload (1421ms)
		ReleaseScriptCaches (0ms)
		RebuildScriptCaches (0ms)
		SetupLoadedEditorAssemblies (397ms)
			LogAssemblyErrors (0ms)
			InitializePlatformSupportModulesInManaged (6ms)
			SetLoadedEditorAssemblies (3ms)
			RefreshPlugins (0ms)
			BeforeProcessingInitializeOnLoad (66ms)
			ProcessInitializeOnLoadAttributes (252ms)
			ProcessInitializeOnLoadMethodAttributes (65ms)
			AfterProcessingInitializeOnLoad (5ms)
			EditorAssembliesLoaded (0ms)
		ExecutionOrderSort2 (0ms)
		AwakeInstancesAfterBackupRestoration (10ms)
Refreshing native plugins compatible for Editor in 1.44 ms, found 1 plugins.
Preloading 0 native plugins for Editor in 0.00 ms.
Unloading 5157 Unused Serialized files (Serialized files now loaded: 0)
Unloading 37 unused Assets / (0.8 MB). Loaded Objects now: 5780.
Memory consumption went from 197.8 MB to 197.0 MB.
Total: 5.521600 ms (FindLiveObjects: 1.960900 ms CreateObjectMapping: 0.280800 ms MarkObjects: 2.551500 ms  DeleteObjects: 0.725800 ms)

Prepare: number of updated asset objects reloaded= 0
AssetImportParameters requested are different than current active one (requested -> active):
  custom:container-demuxer-ogg: 62fdf1f143b41e24485cea50d1cbac27 -> 
  custom:video-codec-MediaFoundation-h265: 746d11721c4dcdbdad8f713fa42b33f4 -> 
  custom:video-decoder-ogg-theora: a1e56fd34408186e4bbccfd4996cb3dc -> 
  custom:framework-win-MediaFoundation: 216162199b28c13a410421893ffa2e32 -> 
  custom:CustomObjectIndexerAttribute: 62b5816608c3102f162a1797e29626cf -> 
  custom:container-demuxer-webm: 4f35f7cbe854078d1ac9338744f61a02 -> 
  custom:container-muxer-webm: aa71ff27fc2769a1b78a27578f13a17b -> 
  custom:video-decoder-webm-vp8: 9c59270c3fd7afecdb556c50c9e8de78 -> 
  custom:SearchIndexIgnoredProperties: e643bd26f0fe6173181afceb89e7c659 -> 
  custom:AudioImporter_EditorPlatform: d09bf68614088b80899f8185d706f6e7 -> 
  custom:video-encoder-webm-vp8: eb34c28f22e8b96e1ab97ce403110664 -> 
  custom:audio-decoder-ogg-vorbis: bf7c407c2cedff20999df2af8eb42d56 -> 
  custom:audio-encoder-webm-vorbis: bf7c407c2cedff20999df2af8eb42d56 -> 
========================================================================
Received Import Request.
  Time since last request: 1240.627494 seconds.
  path: Assets/AdventureForge/PreFab/Mushroom/CapBell_StalkBolbous/CapBell_StalkBolbous_01/CapBellShaped_StalkBolbous_LOD0_Type01.prefab
  artifactKey: Guid(f37617cacbbdd7044a7ead5889c835b8) Importer(815301076,1909f56bfc062723c751e8b465ee728b)
Start importing Assets/AdventureForge/PreFab/Mushroom/CapBell_StalkBolbous/CapBell_StalkBolbous_01/CapBellShaped_StalkBolbous_LOD0_Type01.prefab using Guid(f37617cacbbdd7044a7ead5889c835b8) Importer(815301076,1909f56bfc062723c751e8b465ee728b)  -> (artifact id: 'c6d3ed7cba83ab7f196a4598f143d9db') in 0.496154 seconds
Number of updated asset objects reloaded before import = 0
Number of asset objects unloaded after import = 11
